<?xml version="1.0" encoding="UTF-8"?>
<!-- Generated by org.testng.reporters.JUnitReportReporter -->
<testsuite hostname="Jose" failures="0" tests="4" name="com.mobileTest.LoginTest" time="18.455" errors="0" timestamp="2022-06-27T23:24:21 IST" skipped="0">
  <testcase classname="com.mobileTest.LoginTest" name="testURL" time="0.192"/>
  <system-out/>
  <testcase classname="com.mobileTest.LoginTest" name="testValidateUsernamePasswordField" time="1.183"/>
  <system-out/>
  <testcase classname="com.mobileTest.LoginTest" name="testPasswordUsername" time="1.965"/>
  <system-out/>
  <testcase classname="com.mobileTest.LoginTest" name="testPassordUsernameSubmit" time="15.115"/>
  <system-out/>
</testsuite> <!-- com.mobileTest.LoginTest -->
