<?xml version="1.0" encoding="UTF-8"?>
<!-- Generated by org.testng.reporters.JUnitReportReporter -->
<testsuite hostname="Jose" failures="0" tests="3" name="com.mobileTest.LoginTest" time="9.573" errors="0" timestamp="2022-07-13T15:32:03 IST" skipped="0">
  <testcase classname="com.mobileTest.LoginTest" name="validateURL" time="0.066"/>
  <system-out/>
  <testcase classname="com.mobileTest.LoginTest" name="validateareUsernameAndPasswordFieldsDisplayed" time="0.282"/>
  <system-out/>
  <testcase classname="com.mobileTest.LoginTest" name="validateValidLogin" time="9.225"/>
  <system-out/>
</testsuite> <!-- com.mobileTest.LoginTest -->
