<?xml version="1.0" encoding="UTF-8"?>
<!-- Generated by org.testng.reporters.JUnitReportReporter -->
<testsuite hostname="Jose" failures="0" tests="3" name="com.mobileTest.LoginTest" time="43.823" errors="0" timestamp="2022-07-14T15:47:04 IST" skipped="0">
  <testcase classname="com.mobileTest.LoginTest" name="validateURL" time="8.739"/>
  <system-out/>
  <testcase classname="com.mobileTest.LoginTest" name="validateareUsernameAndPasswordFieldsDisplayed" time="10.445"/>
  <system-out/>
  <testcase classname="com.mobileTest.LoginTest" name="validateValidLogin" time="24.639"/>
  <system-out/>
</testsuite> <!-- com.mobileTest.LoginTest -->
