<?xml version="1.0" encoding="UTF-8"?>
<!-- Generated by org.testng.reporters.JUnitReportReporter -->
<testsuite hostname="Jose" failures="0" tests="13" name="com.mobileTest.HomeTest" time="0.000" errors="0" timestamp="2022-07-04T14:57:22 IST" skipped="13">
  <testcase classname="com.mobileTest.HomeTest" name="validateURL" time="0.000">
    <skipped/>
  </testcase> <!-- validateURL -->
  <system-out/>
  <testcase classname="com.mobileTest.HomeTest" name="validateValidLogin" time="0.000">
    <skipped/>
  </testcase> <!-- validateValidLogin -->
  <system-out/>
  <testcase classname="com.mobileTest.HomeTest" name="validateUserDetailsDisplayed" time="0.000">
    <skipped/>
  </testcase> <!-- validateUserDetailsDisplayed -->
  <system-out/>
  <testcase classname="com.mobileTest.HomeTest" name="validateHomePageFeilds" time="0.000">
    <skipped/>
  </testcase> <!-- validateHomePageFeilds -->
  <system-out/>
  <testcase classname="com.mobileTest.HomeTest" name="validateInvalidEmailidMessage" time="0.000">
    <skipped/>
  </testcase> <!-- validateInvalidEmailidMessage -->
  <system-out/>
  <testcase classname="com.mobileTest.HomeTest" name="validatevalidEmailidMessage" time="0.000">
    <skipped/>
  </testcase> <!-- validatevalidEmailidMessage -->
  <system-out/>
  <testcase classname="com.mobileTest.HomeTest" name="validateEmptySMS" time="0.000">
    <skipped/>
  </testcase> <!-- validateEmptySMS -->
  <system-out/>
  <testcase classname="com.mobileTest.HomeTest" name="validateSMS" time="0.000">
    <skipped/>
  </testcase> <!-- validateSMS -->
  <system-out/>
  <testcase classname="com.mobileTest.HomeTest" name="validateMainNavigationFields" time="0.000">
    <skipped/>
  </testcase> <!-- validateMainNavigationFields -->
  <system-out/>
  <testcase classname="com.mobileTest.HomeTest" name="validateEventDelete">
    <skipped/>
  </testcase> <!-- validateEventDelete -->
  <system-out/>
  <testcase classname="com.mobileTest.HomeTest" name="validateEventDelete">
    <skipped/>
  </testcase> <!-- validateEventDelete -->
  <system-out/>
  <testcase classname="com.mobileTest.HomeTest" name="validatadateEventMarker">
    <skipped/>
  </testcase> <!-- validatadateEventMarker -->
  <system-out/>
  <testcase classname="com.mobileTest.HomeTest" name="validatadateEventMarker">
    <skipped/>
  </testcase> <!-- validatadateEventMarker -->
  <system-out/>
</testsuite> <!-- com.mobileTest.HomeTest -->
