<?xml version="1.0" encoding="UTF-8"?>
<!-- Generated by org.testng.reporters.JUnitReportReporter -->
<testsuite hostname="Jose" failures="0" tests="3" name="com.mobileTest.LoginTest" time="64.351" errors="0" timestamp="2022-07-07T15:19:47 IST" skipped="1">
  <testcase classname="com.mobileTest.LoginTest" name="validateURL" time="24.814"/>
  <system-out/>
  <testcase classname="com.mobileTest.LoginTest" name="validateValidLogin" time="39.537"/>
  <system-out/>
  <testcase classname="com.mobileTest.LoginTest" name="validateareUsernameAndPasswordFieldsDisplayed">
    <skipped/>
  </testcase> <!-- validateareUsernameAndPasswordFieldsDisplayed -->
  <system-out/>
</testsuite> <!-- com.mobileTest.LoginTest -->
